CalendarViewTest/app/build/outputs/logs/manifest-merger-debug-report.txt
-- Merging decision tree log ---
manifest
ADDED from src\main\AndroidManifest.xml:2:1-23:12
	package
		ADDED from src\main\AndroidManifest.xml:3:7-26
		INJECTED from src\main\AndroidManifest.xml
		INJECTED from src\main\AndroidManifest.xml
	android:versionName
		ADDED from src\main\AndroidManifest.xml:5:7-32
		INJECTED from src\main\AndroidManifest.xml
		INJECTED from src\main\AndroidManifest.xml
	android:versionCode
		ADDED from src\main\AndroidManifest.xml:4:7-30
		INJECTED from src\main\AndroidManifest.xml
		INJECTED from src\main\AndroidManifest.xml
	xmlns:android
		ADDED from src\main\AndroidManifest.xml:2:11-69
application
ADDED from src\main\AndroidManifest.xml:6:5-17:19
	android:label
		ADDED from src\main\AndroidManifest.xml:6:48-75
	android:icon
		ADDED from src\main\AndroidManifest.xml:6:18-47
activity#org.kazzz.view.tuno.Test
ADDED from src\main\AndroidManifest.xml:7:9-13:20
	android:label
		ADDED from src\main\AndroidManifest.xml:8:19-46
	android:name
		ADDED from src\main\AndroidManifest.xml:7:19-49
intent-filter#android.intent.action.MAIN+android.intent.category.LAUNCHER
ADDED from src\main\AndroidManifest.xml:9:13-12:29
action#android.intent.action.MAIN
ADDED from src\main\AndroidManifest.xml:10:17-69
	android:name
		ADDED from src\main\AndroidManifest.xml:10:25-66
category#android.intent.category.LAUNCHER
ADDED from src\main\AndroidManifest.xml:11:17-77
	android:name
		ADDED from src\main\AndroidManifest.xml:11:27-74
activity#org.kazzz.view.hourensou.TourokuTest
ADDED from src\main\AndroidManifest.xml:14:9-73
	android:name
		ADDED from src\main\AndroidManifest.xml:14:19-61
activity#org.kazzz.CalendarTest
ADDED from src\main\AndroidManifest.xml:15:9-59
	android:name
		ADDED from src\main\AndroidManifest.xml:15:19-47
supports-screens
ADDED from src\main\AndroidManifest.xml:18:5-22:39
	android:largeScreens
		ADDED from src\main\AndroidManifest.xml:19:11-38
	android:smallScreens
		ADDED from src\main\AndroidManifest.xml:21:11-38
	android:normalScreens
		ADDED from src\main\AndroidManifest.xml:20:11-39
	android:anyDensity
		ADDED from src\main\AndroidManifest.xml:22:11-36